<?xml version="1.0" encoding="UTF-8"?>
<!-- Generated by org.testng.reporters.JUnitReportReporter -->
<testsuite hostname="WINDOWS-SBM5E6C" failures="0" tests="1" name="org.Selenium.GcReddy.batchNo32.LoginActions_PositiveData1" time="19.694" errors="0" timestamp="2022-12-09T08:05:11 IST" skipped="0">
  <testcase classname="org.Selenium.GcReddy.batchNo32.LoginActions_PositiveData1" name="Login_Runner_onlyPasitiveData" time="19.694"/>
  <system-out/>
</testsuite> <!-- org.Selenium.GcReddy.batchNo32.LoginActions_PositiveData1 -->
