<?xml version="1.0" encoding="UTF-8"?>
<!-- Generated by org.testng.reporters.JUnitReportReporter -->
<testsuite hostname="WINDOWS-SBM5E6C" failures="0" tests="1" name="org.Selenium.GcReddy.batchNo32.LoginActions_PositiveData" time="16.787" errors="0" timestamp="2022-07-31T19:35:35 IST" skipped="0">
  <testcase classname="org.Selenium.GcReddy.batchNo32.LoginActions_PositiveData" name="Login_Runner_onlyPasitiveData" time="16.787"/>
  <system-out/>
</testsuite> <!-- org.Selenium.GcReddy.batchNo32.LoginActions_PositiveData -->
