<?xml version="1.0" encoding="UTF-8"?>
<!-- Generated by org.testng.reporters.JUnitReportReporter -->
<testsuite hostname="WINDOWS-SBM5E6C" failures="0" tests="3" name="org.Selenium.GcReddy.batchNo32.ReportsCaller" time="1.583" errors="0" timestamp="2022-07-12T09:23:24 IST" skipped="0">
  <testcase classname="org.Selenium.GcReddy.batchNo32.ReportsCaller" name="testcase2" time="0.550"/>
  <system-out/>
  <testcase classname="org.Selenium.GcReddy.batchNo32.ReportsCaller" name="testcase1" time="0.940"/>
  <system-out/>
  <testcase classname="org.Selenium.GcReddy.batchNo32.ReportsCaller" name="testcase3" time="0.093"/>
  <system-out/>
</testsuite> <!-- org.Selenium.GcReddy.batchNo32.ReportsCaller -->
