<?xml version="1.0" encoding="UTF-8"?>
<!-- Generated by org.testng.reporters.JUnitReportReporter -->
<testsuite hostname="WINDOWS-SBM5E6C" failures="0" tests="1" name="org.Selenium.GcReddy.batchNo32.Excel_Code_Execution" time="0.721" errors="1" timestamp="2022-07-08T07:29:54 IST" skipped="0">
  <testcase classname="org.Selenium.GcReddy.batchNo32.Excel_Code_Execution" name="ExcelCodeExecution" time="0.721">
    <error message="class org.Selenium.batchNo32.Utility.ExcelUtils (in unnamed module @0x6b695b06) cannot access class jdk.internal.org.jline.utils.Log (in module jdk.internal.le) because module jdk.internal.le does not export jdk.internal.org.jline.utils to unnamed module @0x6b695b06" type="java.lang.IllegalAccessError">
      <![CDATA[java.lang.IllegalAccessError: class org.Selenium.batchNo32.Utility.ExcelUtils (in unnamed module @0x6b695b06) cannot access class jdk.internal.org.jline.utils.Log (in module jdk.internal.le) because module jdk.internal.le does not export jdk.internal.org.jline.utils to unnamed module @0x6b695b06
at org.Selenium.batchNo32.Utility.ExcelUtils.invokeExcel(ExcelUtils.java:39)
at org.Selenium.GcReddy.batchNo32.Excel_Code_Execution.ExcelCodeExecution(Excel_Code_Execution.java:13)
at java.base/jdk.internal.reflect.NativeMethodAccessorImpl.invoke0(Native Method)
at java.base/jdk.internal.reflect.NativeMethodAccessorImpl.invoke(NativeMethodAccessorImpl.java:64)
at java.base/jdk.internal.reflect.DelegatingMethodAccessorImpl.invoke(DelegatingMethodAccessorImpl.java:43)
at java.base/java.lang.reflect.Method.invoke(Method.java:564)
at org.testng.internal.MethodInvocationHelper.invokeMethod(MethodInvocationHelper.java:133)
at org.testng.internal.TestInvoker.invokeMethod(TestInvoker.java:598)
at org.testng.internal.TestInvoker.invokeTestMethod(TestInvoker.java:173)
at org.testng.internal.MethodRunner.runInSequence(MethodRunner.java:46)
at org.testng.internal.TestInvoker$MethodInvocationAgent.invoke(TestInvoker.java:824)
at org.testng.internal.TestInvoker.invokeTestMethods(TestInvoker.java:146)
at org.testng.internal.TestMethodWorker.invokeTestMethods(TestMethodWorker.java:146)
at org.testng.internal.TestMethodWorker.run(TestMethodWorker.java:128)
at java.base/java.util.ArrayList.forEach(ArrayList.java:1511)
at org.testng.TestRunner.privateRun(TestRunner.java:794)
at org.testng.TestRunner.run(TestRunner.java:596)
at org.testng.SuiteRunner.runTest(SuiteRunner.java:377)
at org.testng.SuiteRunner.runSequentially(SuiteRunner.java:371)
at org.testng.SuiteRunner.privateRun(SuiteRunner.java:332)
at org.testng.SuiteRunner.run(SuiteRunner.java:276)
at org.testng.SuiteRunnerWorker.runSuite(SuiteRunnerWorker.java:53)
at org.testng.SuiteRunnerWorker.run(SuiteRunnerWorker.java:96)
at org.testng.TestNG.runSuitesSequentially(TestNG.java:1212)
at org.testng.TestNG.runSuitesLocally(TestNG.java:1134)
at org.testng.TestNG.runSuites(TestNG.java:1063)
at org.testng.TestNG.run(TestNG.java:1031)
at org.testng.remote.AbstractRemoteTestNG.run(AbstractRemoteTestNG.java:115)
at org.testng.remote.RemoteTestNG.initAndRun(RemoteTestNG.java:251)
at org.testng.remote.RemoteTestNG.main(RemoteTestNG.java:77)
]]>
    </error>
  </testcase> <!-- ExcelCodeExecution -->
  <system-out/>
</testsuite> <!-- org.Selenium.GcReddy.batchNo32.Excel_Code_Execution -->
