<?xml version="1.0" encoding="UTF-8"?>
<!-- Generated by org.testng.reporters.JUnitReportReporter -->
<testsuite hostname="WINDOWS-SBM5E6C" failures="0" tests="3" name="org.Selenium.GcReddy.batchNo32.LoggerClass_Caller" time="0.113" errors="0" timestamp="2022-12-08T09:10:36 IST" skipped="0">
  <testcase classname="org.Selenium.GcReddy.batchNo32.LoggerClass_Caller" name="TestCase1" time="0.026"/>
  <system-out/>
  <testcase classname="org.Selenium.GcReddy.batchNo32.LoggerClass_Caller" name="userIDFieldValidation" time="0.043"/>
  <system-out/>
  <testcase classname="org.Selenium.GcReddy.batchNo32.LoggerClass_Caller" name="TestCase2" time="0.044"/>
  <system-out/>
</testsuite> <!-- org.Selenium.GcReddy.batchNo32.LoggerClass_Caller -->
