<?xml version="1.0" encoding="UTF-8"?>
<!-- Generated by org.testng.reporters.JUnitReportReporter -->
<testsuite hostname="WINDOWS-SBM5E6C" failures="0" tests="1" name="org.Selenium.GcReddy.batchNo32.Properties" time="1.291" errors="0" timestamp="2022-07-12T09:25:07 IST" skipped="0">
  <testcase classname="org.Selenium.GcReddy.batchNo32.Properties" name="LoaidngProperties" time="1.291"/>
  <system-out/>
</testsuite> <!-- org.Selenium.GcReddy.batchNo32.Properties -->
