<?xml version="1.0" encoding="UTF-8"?>
<!-- Generated by org.testng.reporters.JUnitReportReporter -->
<testsuite hostname="WINDOWS-SBM5E6C" failures="0" tests="5" name="org.Selenium.GcReddy.batchNo32.LoginActions_MultipleData" time="59.491" errors="0" timestamp="2022-12-08T09:10:36 IST" skipped="0">
  <testcase classname="org.Selenium.GcReddy.batchNo32.LoginActions_MultipleData" name="Login_Runner_MultipleData" time="12.063"/>
  <system-out/>
  <testcase classname="org.Selenium.GcReddy.batchNo32.LoginActions_MultipleData" name="Login_Runner_MultipleData" time="12.041"/>
  <system-out/>
  <testcase classname="org.Selenium.GcReddy.batchNo32.LoginActions_MultipleData" name="Login_Runner_MultipleData" time="11.897"/>
  <system-out/>
  <testcase classname="org.Selenium.GcReddy.batchNo32.LoginActions_MultipleData" name="Login_Runner_MultipleData" time="11.956"/>
  <system-out/>
  <testcase classname="org.Selenium.GcReddy.batchNo32.LoginActions_MultipleData" name="Login_Runner_MultipleData" time="11.534"/>
  <system-out/>
</testsuite> <!-- org.Selenium.GcReddy.batchNo32.LoginActions_MultipleData -->
