<?xml version="1.0" encoding="UTF-8"?>
<!-- Generated by org.testng.reporters.JUnitReportReporter -->
<testsuite skipped="0" hostname="WINDOWS-SBM5E6C" name="org.Selenium.GcReddy.batchNo32.LoginActions_MultipleData" tests="5" failures="0" timestamp="2022-12-09T09:09:32 IST" time="60.444" errors="0">
  <testcase name="Login_Runner_MultipleData" time="11.317" classname="org.Selenium.GcReddy.batchNo32.LoginActions_MultipleData"/>
  <system-out/>
  <testcase name="Login_Runner_MultipleData" time="10.787" classname="org.Selenium.GcReddy.batchNo32.LoginActions_MultipleData"/>
  <system-out/>
  <testcase name="Login_Runner_MultipleData" time="12.339" classname="org.Selenium.GcReddy.batchNo32.LoginActions_MultipleData"/>
  <system-out/>
  <testcase name="Login_Runner_MultipleData" time="13.280" classname="org.Selenium.GcReddy.batchNo32.LoginActions_MultipleData"/>
  <system-out/>
  <testcase name="Login_Runner_MultipleData" time="12.721" classname="org.Selenium.GcReddy.batchNo32.LoginActions_MultipleData"/>
  <system-out/>
</testsuite> <!-- org.Selenium.GcReddy.batchNo32.LoginActions_MultipleData -->
