<?xml version="1.0" encoding="UTF-8"?>
<!-- Generated by org.testng.reporters.JUnitReportReporter -->
<testsuite skipped="0" hostname="WINDOWS-SBM5E6C" name="org.Selenium.GcReddy.batchNo32.LoginActions_PositiveData1" tests="1" failures="0" timestamp="2022-12-20T08:52:30 IST" time="35.985" errors="0">
  <testcase name="Login_Runner_onlyPasitiveData" time="35.985" classname="org.Selenium.GcReddy.batchNo32.LoginActions_PositiveData1"/>
  <system-out/>
</testsuite> <!-- org.Selenium.GcReddy.batchNo32.LoginActions_PositiveData1 -->
